# JRE version: Java(TM) SE Runtime Environment (8.0_102-b14) (build 1.8.0_102-b14)
# Java VM: Java HotSpot(TM) 64-Bit Server VM (25.102-b14 mixed mode windows-amd64 compressed oops)
Heap:
 PSYoungGen      total 64512K, used 5593K [0x00000000d5c00000, 0x00000000dab00000, 0x0000000100000000)
  eden space 59392K, 9% used [0x00000000d5c00000,0x00000000d6176458,0x00000000d9600000)
  from space 5120K, 0% used [0x00000000d9d00000,0x00000000d9d00000,0x00000000da200000)
  to   space 9216K, 0% used [0x00000000da200000,0x00000000da200000,0x00000000dab00000)
 ParOldGen       total 106496K, used 14959K [0x0000000081400000, 0x0000000087c00000, 0x00000000d5c00000)
  object space 106496K, 14% used [0x0000000081400000,0x000000008229bdd0,0x0000000087c00000)
 Metaspace       used 35328K, capacity 36068K, committed 36392K, reserved 1081344K
  class space    used 4880K, capacity 5073K, committed 5168K, reserved 1048576K
GC Heap History (10 events):
Event: 1.531 GC heap before
{Heap before GC invocations=3 (full 0):
 PSYoungGen      total 38400K, used 22581K [0x00000000d5c00000, 0x00000000da700000, 0x0000000100000000)
  eden space 33280K, 52% used [0x00000000d5c00000,0x00000000d6d140e8,0x00000000d7c80000)
  from space 5120K, 99% used [0x00000000d8180000,0x00000000d8679670,0x00000000d8680000)
  to   space 5120K, 0% used [0x00000000d7c80000,0x00000000d7c80000,0x00000000d8180000)
 ParOldGen       total 87552K, used 1580K [0x0000000081400000, 0x0000000086980000, 0x00000000d5c00000)
  object space 87552K, 1% used [0x0000000081400000,0x000000008158b360,0x0000000086980000)
 Metaspace       used 20735K, capacity 21170K, committed 21296K, reserved 1067008K
  class space    used 2721K, capacity 2846K, committed 2864K, reserved 1048576K
Event: 1.540 GC heap after
Heap after GC invocations=3 (full 0):
 PSYoungGen      total 38400K, used 5096K [0x00000000d5c00000, 0x00000000da700000, 0x0000000100000000)
  eden space 33280K, 0% used [0x00000000d5c00000,0x00000000d5c00000,0x00000000d7c80000)
  from space 5120K, 99% used [0x00000000d7c80000,0x00000000d817a1c0,0x00000000d8180000)
  to   space 5120K, 0% used [0x00000000da200000,0x00000000da200000,0x00000000da700000)
 ParOldGen       total 87552K, used 4954K [0x0000000081400000, 0x0000000086980000, 0x00000000d5c00000)
  object space 87552K, 5% used [0x0000000081400000,0x00000000818d69a8,0x0000000086980000)
 Metaspace       used 20735K, capacity 21170K, committed 21296K, reserved 1067008K
  class space    used 2721K, capacity 2846K, committed 2864K, reserved 1048576K
}
Event: 1.540 GC heap before
{Heap before GC invocations=4 (full 1):
 PSYoungGen      total 38400K, used 5096K [0x00000000d5c00000, 0x00000000da700000, 0x0000000100000000)
  eden space 33280K, 0% used [0x00000000d5c00000,0x00000000d5c00000,0x00000000d7c80000)
  from space 5120K, 99% used [0x00000000d7c80000,0x00000000d817a1c0,0x00000000d8180000)
  to   space 5120K, 0% used [0x00000000da200000,0x00000000da200000,0x00000000da700000)
 ParOldGen       total 87552K, used 4954K [0x0000000081400000, 0x0000000086980000, 0x00000000d5c00000)
  object space 87552K, 5% used [0x0000000081400000,0x00000000818d69a8,0x0000000086980000)
 Metaspace       used 20735K, capacity 21170K, committed 21296K, reserved 1067008K
  class space    used 2721K, capacity 2846K, committed 2864K, reserved 1048576K
Event: 1.577 GC heap after
Heap after GC invocations=4 (full 1):
 PSYoungGen      total 38400K, used 0K [0x00000000d5c00000, 0x00000000da700000, 0x0000000100000000)
  eden space 33280K, 0% used [0x00000000d5c00000,0x00000000d5c00000,0x00000000d7c80000)
  from space 5120K, 0% used [0x00000000d7c80000,0x00000000d7c80000,0x00000000d8180000)
  to   space 5120K, 0% used [0x00000000da200000,0x00000000da200000,0x00000000da700000)
 ParOldGen       total 66560K, used 8373K [0x0000000081400000, 0x0000000085500000, 0x00000000d5c00000)
  object space 66560K, 12% used [0x0000000081400000,0x0000000081c2d4b0,0x0000000085500000)
 Metaspace       used 20735K, capacity 21170K, committed 21296K, reserved 1067008K
  class space    used 2721K, capacity 2846K, committed 2864K, reserved 1048576K
}
Event: 2.262 GC heap before
{Heap before GC invocations=5 (full 1):
 PSYoungGen      total 38400K, used 33280K [0x00000000d5c00000, 0x00000000da700000, 0x0000000100000000)
  eden space 33280K, 100% used [0x00000000d5c00000,0x00000000d7c80000,0x00000000d7c80000)
  from space 5120K, 0% used [0x00000000d7c80000,0x00000000d7c80000,0x00000000d8180000)
  to   space 5120K, 0% used [0x00000000da200000,0x00000000da200000,0x00000000da700000)
 ParOldGen       total 66560K, used 8373K [0x0000000081400000, 0x0000000085500000, 0x00000000d5c00000)
  object space 66560K, 12% used [0x0000000081400000,0x0000000081c2d4b0,0x0000000085500000)
 Metaspace       used 26486K, capacity 26850K, committed 27312K, reserved 1073152K
  class space    used 3531K, capacity 3650K, committed 3760K, reserved 1048576K
Event: 2.268 GC heap after
Heap after GC invocations=5 (full 1):
 PSYoungGen      total 50688K, used 5099K [0x00000000d5c00000, 0x00000000da700000, 0x0000000100000000)
  eden space 45568K, 0% used [0x00000000d5c00000,0x00000000d5c00000,0x00000000d8880000)
  from space 5120K, 99% used [0x00000000da200000,0x00000000da6faf78,0x00000000da700000)
  to   space 5120K, 0% used [0x00000000d9d00000,0x00000000d9d00000,0x00000000da200000)
 ParOldGen       total 66560K, used 8636K [0x0000000081400000, 0x0000000085500000, 0x00000000d5c00000)
  object space 66560K, 12% used [0x0000000081400000,0x0000000081c6f078,0x0000000085500000)
 Metaspace       used 26486K, capacity 26850K, committed 27312K, reserved 1073152K
  class space    used 3531K, capacity 3650K, committed 3760K, reserved 1048576K
}
Event: 11.873 GC heap before
{Heap before GC invocations=6 (full 1):
 PSYoungGen      total 50688K, used 42452K [0x00000000d5c00000, 0x00000000da700000, 0x0000000100000000)
  eden space 45568K, 81% used [0x00000000d5c00000,0x00000000d807a440,0x00000000d8880000)
  from space 5120K, 99% used [0x00000000da200000,0x00000000da6faf78,0x00000000da700000)
  to   space 5120K, 0% used [0x00000000d9d00000,0x00000000d9d00000,0x00000000da200000)
 ParOldGen       total 66560K, used 8636K [0x0000000081400000, 0x0000000085500000, 0x00000000d5c00000)
  object space 66560K, 12% used [0x0000000081400000,0x0000000081c6f078,0x0000000085500000)
 Metaspace       used 34746K, capacity 35384K, committed 35496K, reserved 1079296K
  class space    used 4816K, capacity 4977K, committed 5040K, reserved 1048576K
Event: 11.884 GC heap after
Heap after GC invocations=6 (full 1):
 PSYoungGen      total 64512K, used 5108K [0x00000000d5c00000, 0x00000000dab00000, 0x0000000100000000)
  eden space 59392K, 0% used [0x00000000d5c00000,0x00000000d5c00000,0x00000000d9600000)
  from space 5120K, 99% used [0x00000000d9d00000,0x00000000da1fd060,0x00000000da200000)
  to   space 9216K, 0% used [0x00000000da200000,0x00000000da200000,0x00000000dab00000)
 ParOldGen       total 66560K, used 12229K [0x0000000081400000, 0x0000000085500000, 0x00000000d5c00000)
  object space 66560K, 18% used [0x0000000081400000,0x0000000081ff15b8,0x0000000085500000)
 Metaspace       used 34746K, capacity 35384K, committed 35496K, reserved 1079296K
  class space    used 4816K, capacity 4977K, committed 5040K, reserved 1048576K
}
Event: 11.884 GC heap before
{Heap before GC invocations=7 (full 2):
 PSYoungGen      total 64512K, used 5108K [0x00000000d5c00000, 0x00000000dab00000, 0x0000000100000000)
  eden space 59392K, 0% used [0x00000000d5c00000,0x00000000d5c00000,0x00000000d9600000)
  from space 5120K, 99% used [0x00000000d9d00000,0x00000000da1fd060,0x00000000da200000)
  to   space 9216K, 0% used [0x00000000da200000,0x00000000da200000,0x00000000dab00000)
 ParOldGen       total 66560K, used 12229K [0x0000000081400000, 0x0000000085500000, 0x00000000d5c00000)
  object space 66560K, 18% used [0x0000000081400000,0x0000000081ff15b8,0x0000000085500000)
 Metaspace       used 34746K, capacity 35384K, committed 35496K, reserved 1079296K
  class space    used 4816K, capacity 4977K, committed 5040K, reserved 1048576K
Event: 11.952 GC heap after
Heap after GC invocations=7 (full 2):
 PSYoungGen      total 64512K, used 0K [0x00000000d5c00000, 0x00000000dab00000, 0x0000000100000000)
  eden space 59392K, 0% used [0x00000000d5c00000,0x00000000d5c00000,0x00000000d9600000)
  from space 5120K, 0% used [0x00000000d9d00000,0x00000000d9d00000,0x00000000da200000)
  to   space 9216K, 0% used [0x00000000da200000,0x00000000da200000,0x00000000dab00000)
 ParOldGen       total 106496K, used 14959K [0x0000000081400000, 0x0000000087c00000, 0x00000000d5c00000)
  object space 106496K, 14% used [0x0000000081400000,0x000000008229bdd0,0x0000000087c00000)
 Metaspace       used 34746K, capacity 35384K, committed 35496K, reserved 1079296K
  class space    used 4816K, capacity 4977K, committed 5040K, reserved 1048576K
}

