# JRE version: Java(TM) SE Runtime Environment (8.0_112-b15) (build 1.8.0_112-b15)
# Java VM: Java HotSpot(TM) 64-Bit Server VM (25.112-b15 mixed mode linux-amd64 compressed oops)
Heap:
 PSYoungGen      total 906752K, used 4594K [0x000000076d000000, 0x00000007c0000000, 0x00000007c0000000)
  eden space 453632K, 1% used [0x000000076d000000,0x000000076d47c828,0x0000000788b00000)
  from space 453120K, 0% used [0x0000000788b00000,0x0000000788b00000,0x00000007a4580000)
  to   space 453120K, 0% used [0x00000007a4580000,0x00000007a4580000,0x00000007c0000000)
 ParOldGen       total 1106432K, used 975942K [0x00000006c7000000, 0x000000070a880000, 0x000000076d000000)
  object space 1106432K, 88% used [0x00000006c7000000,0x0000000702911910,0x000000070a880000)
 Metaspace       used 21703K, capacity 23272K, committed 23552K, reserved 1069056K
  class space    used 2908K, capacity 3235K, committed 3328K, reserved 1048576K
GC Heap History (10 events):
Event: 91.816 GC heap before
{Heap before GC invocations=26 (full 3):
 PSYoungGen      total 721408K, used 721392K [0x000000076d000000, 0x00000007ba680000, 0x00000007c0000000)
  eden space 434176K, 100% used [0x000000076d000000,0x0000000787800000,0x0000000787800000)
  from space 287232K, 99% used [0x000000079e700000,0x00000007aff7c120,0x00000007aff80000)
  to   space 375808K, 0% used [0x0000000787800000,0x0000000787800000,0x000000079e700000)
 ParOldGen       total 630784K, used 460256K [0x00000006c7000000, 0x00000006ed800000, 0x000000076d000000)
  object space 630784K, 72% used [0x00000006c7000000,0x00000006e31782c0,0x00000006ed800000)
 Metaspace       used 21690K, capacity 23234K, committed 23552K, reserved 1069056K
  class space    used 2906K, capacity 3202K, committed 3328K, reserved 1048576K
Event: 91.933 GC heap after
Heap after GC invocations=26 (full 3):
 PSYoungGen      total 809984K, used 375799K [0x000000076d000000, 0x00000007c0000000, 0x00000007c0000000)
  eden space 434176K, 0% used [0x000000076d000000,0x000000076d000000,0x0000000787800000)
  from space 375808K, 99% used [0x0000000787800000,0x000000079e6fddb0,0x000000079e700000)
  to   space 453120K, 0% used [0x00000007a4580000,0x00000007a4580000,0x00000007c0000000)
 ParOldGen       total 630784K, used 558238K [0x00000006c7000000, 0x00000006ed800000, 0x000000076d000000)
  object space 630784K, 88% used [0x00000006c7000000,0x00000006e9127b68,0x00000006ed800000)
 Metaspace       used 21690K, capacity 23234K, committed 23552K, reserved 1069056K
  class space    used 2906K, capacity 3202K, committed 3328K, reserved 1048576K
}
Event: 91.933 GC heap before
{Heap before GC invocations=27 (full 4):
 PSYoungGen      total 809984K, used 375799K [0x000000076d000000, 0x00000007c0000000, 0x00000007c0000000)
  eden space 434176K, 0% used [0x000000076d000000,0x000000076d000000,0x0000000787800000)
  from space 375808K, 99% used [0x0000000787800000,0x000000079e6fddb0,0x000000079e700000)
  to   space 453120K, 0% used [0x00000007a4580000,0x00000007a4580000,0x00000007c0000000)
 ParOldGen       total 630784K, used 558238K [0x00000006c7000000, 0x00000006ed800000, 0x000000076d000000)
  object space 630784K, 88% used [0x00000006c7000000,0x00000006e9127b68,0x00000006ed800000)
 Metaspace       used 21690K, capacity 23234K, committed 23552K, reserved 1069056K
  class space    used 2906K, capacity 3202K, committed 3328K, reserved 1048576K
Event: 92.355 GC heap after
Heap after GC invocations=27 (full 4):
 PSYoungGen      total 809984K, used 301362K [0x000000076d000000, 0x00000007c0000000, 0x00000007c0000000)
  eden space 434176K, 0% used [0x000000076d000000,0x000000076d000000,0x0000000787800000)
  from space 375808K, 80% used [0x0000000787800000,0x0000000799e4cb40,0x000000079e700000)
  to   space 453120K, 0% used [0x00000007a4580000,0x00000007a4580000,0x00000007c0000000)
 ParOldGen       total 997376K, used 630648K [0x00000006c7000000, 0x0000000703e00000, 0x000000076d000000)
  object space 997376K, 63% used [0x00000006c7000000,0x00000006ed7de028,0x0000000703e00000)
 Metaspace       used 21690K, capacity 23234K, committed 23552K, reserved 1069056K
  class space    used 2906K, capacity 3202K, committed 3328K, reserved 1048576K
}
Event: 94.053 GC heap before
{Heap before GC invocations=28 (full 4):
 PSYoungGen      total 809984K, used 735538K [0x000000076d000000, 0x00000007c0000000, 0x00000007c0000000)
  eden space 434176K, 100% used [0x000000076d000000,0x0000000787800000,0x0000000787800000)
  from space 375808K, 80% used [0x0000000787800000,0x0000000799e4cb40,0x000000079e700000)
  to   space 453120K, 0% used [0x00000007a4580000,0x00000007a4580000,0x00000007c0000000)
 ParOldGen       total 997376K, used 630648K [0x00000006c7000000, 0x0000000703e00000, 0x000000076d000000)
  object space 997376K, 63% used [0x00000006c7000000,0x00000006ed7de028,0x0000000703e00000)
 Metaspace       used 21695K, capacity 23266K, committed 23552K, reserved 1069056K
  class space    used 2908K, capacity 3234K, committed 3328K, reserved 1048576K
Event: 94.268 GC heap after
Heap after GC invocations=28 (full 4):
 PSYoungGen      total 906752K, used 328315K [0x000000076d000000, 0x00000007c0000000, 0x00000007c0000000)
  eden space 453632K, 0% used [0x000000076d000000,0x000000076d000000,0x0000000788b00000)
  from space 453120K, 72% used [0x00000007a4580000,0x00000007b861eed8,0x00000007c0000000)
  to   space 453120K, 0% used [0x0000000788b00000,0x0000000788b00000,0x00000007a4580000)
 ParOldGen       total 997376K, used 779400K [0x00000006c7000000, 0x0000000703e00000, 0x000000076d000000)
  object space 997376K, 78% used [0x00000006c7000000,0x00000006f6922358,0x0000000703e00000)
 Metaspace       used 21695K, capacity 23266K, committed 23552K, reserved 1069056K
  class space    used 2908K, capacity 3234K, committed 3328K, reserved 1048576K
}
Event: 95.629 GC heap before
{Heap before GC invocations=29 (full 4):
 PSYoungGen      total 906752K, used 428342K [0x000000076d000000, 0x00000007c0000000, 0x00000007c0000000)
  eden space 453632K, 22% used [0x000000076d000000,0x00000007731ae930,0x0000000788b00000)
  from space 453120K, 72% used [0x00000007a4580000,0x00000007b861eed8,0x00000007c0000000)
  to   space 453120K, 0% used [0x0000000788b00000,0x0000000788b00000,0x00000007a4580000)
 ParOldGen       total 997376K, used 779400K [0x00000006c7000000, 0x0000000703e00000, 0x000000076d000000)
  object space 997376K, 78% used [0x00000006c7000000,0x00000006f6922358,0x0000000703e00000)
 Metaspace       used 21695K, capacity 23266K, committed 23552K, reserved 1069056K
  class space    used 2908K, capacity 3234K, committed 3328K, reserved 1048576K
Event: 95.914 GC heap after
Heap after GC invocations=29 (full 4):
 PSYoungGen      total 906752K, used 42303K [0x000000076d000000, 0x00000007c0000000, 0x00000007c0000000)
  eden space 453632K, 0% used [0x000000076d000000,0x000000076d000000,0x0000000788b00000)
  from space 453120K, 9% used [0x0000000788b00000,0x000000078b44fe00,0x00000007a4580000)
  to   space 453120K, 0% used [0x00000007a4580000,0x00000007a4580000,0x00000007c0000000)
 ParOldGen       total 1106432K, used 1106251K [0x00000006c7000000, 0x000000070a880000, 0x000000076d000000)
  object space 1106432K, 99% used [0x00000006c7000000,0x000000070a852fe0,0x000000070a880000)
 Metaspace       used 21695K, capacity 23266K, committed 23552K, reserved 1069056K
  class space    used 2908K, capacity 3234K, committed 3328K, reserved 1048576K
}
Event: 95.914 GC heap before
{Heap before GC invocations=30 (full 5):
 PSYoungGen      total 906752K, used 42303K [0x000000076d000000, 0x00000007c0000000, 0x00000007c0000000)
  eden space 453632K, 0% used [0x000000076d000000,0x000000076d000000,0x0000000788b00000)
  from space 453120K, 9% used [0x0000000788b00000,0x000000078b44fe00,0x00000007a4580000)
  to   space 453120K, 0% used [0x00000007a4580000,0x00000007a4580000,0x00000007c0000000)
 ParOldGen       total 1106432K, used 1106251K [0x00000006c7000000, 0x000000070a880000, 0x000000076d000000)
  object space 1106432K, 99% used [0x00000006c7000000,0x000000070a852fe0,0x000000070a880000)
 Metaspace       used 21695K, capacity 23266K, committed 23552K, reserved 1069056K
  class space    used 2908K, capacity 3234K, committed 3328K, reserved 1048576K
Event: 97.513 GC heap after
Heap after GC invocations=30 (full 5):
 PSYoungGen      total 906752K, used 0K [0x000000076d000000, 0x00000007c0000000, 0x00000007c0000000)
  eden space 453632K, 0% used [0x000000076d000000,0x000000076d000000,0x0000000788b00000)
  from space 453120K, 0% used [0x0000000788b00000,0x0000000788b00000,0x00000007a4580000)
  to   space 453120K, 0% used [0x00000007a4580000,0x00000007a4580000,0x00000007c0000000)
 ParOldGen       total 1106432K, used 975942K [0x00000006c7000000, 0x000000070a880000, 0x000000076d000000)
  object space 1106432K, 88% used [0x00000006c7000000,0x0000000702911910,0x000000070a880000)
 Metaspace       used 21695K, capacity 23266K, committed 23552K, reserved 1069056K
  class space    used 2908K, capacity 3234K, committed 3328K, reserved 1048576K
}

