# JRE version: Java(TM) SE Runtime Environment (8.0_102-b14) (build 1.8.0_102-b14)
# Java VM: Java HotSpot(TM) 64-Bit Server VM (25.102-b14 mixed mode windows-amd64 compressed oops)
Heap:
 PSYoungGen      total 63488K, used 0K [0x00000000d5c00000, 0x00000000dac00000, 0x0000000100000000)
  eden space 58368K, 0% used [0x00000000d5c00000,0x00000000d5c00000,0x00000000d9500000)
  from space 5120K, 0% used [0x00000000d9d00000,0x00000000d9d00000,0x00000000da200000)
  to   space 10240K, 0% used [0x00000000da200000,0x00000000da200000,0x00000000dac00000)
 ParOldGen       total 108032K, used 12827K [0x0000000081400000, 0x0000000087d80000, 0x00000000d5c00000)
  object space 108032K, 11% used [0x0000000081400000,0x0000000082086c70,0x0000000087d80000)
 Metaspace       used 35227K, capacity 35912K, committed 36056K, reserved 1087488K
  class space    used 4864K, capacity 5063K, committed 5120K, reserved 1048576K
GC Heap History (10 events):
Event: 1.625 GC heap after
Heap after GC invocations=4 (full 1):
 PSYoungGen      total 38400K, used 0K [0x00000000d5c00000, 0x00000000da700000, 0x0000000100000000)
  eden space 33280K, 0% used [0x00000000d5c00000,0x00000000d5c00000,0x00000000d7c80000)
  from space 5120K, 0% used [0x00000000d7c80000,0x00000000d7c80000,0x00000000d8180000)
  to   space 5120K, 0% used [0x00000000da200000,0x00000000da200000,0x00000000da700000)
 ParOldGen       total 67072K, used 8339K [0x0000000081400000, 0x0000000085580000, 0x00000000d5c00000)
  object space 67072K, 12% used [0x0000000081400000,0x0000000081c24c10,0x0000000085580000)
 Metaspace       used 20704K, capacity 21086K, committed 21248K, reserved 1067008K
  class space    used 2716K, capacity 2814K, committed 2816K, reserved 1048576K
}
Event: 2.347 GC heap before
{Heap before GC invocations=5 (full 1):
 PSYoungGen      total 38400K, used 33280K [0x00000000d5c00000, 0x00000000da700000, 0x0000000100000000)
  eden space 33280K, 100% used [0x00000000d5c00000,0x00000000d7c80000,0x00000000d7c80000)
  from space 5120K, 0% used [0x00000000d7c80000,0x00000000d7c80000,0x00000000d8180000)
  to   space 5120K, 0% used [0x00000000da200000,0x00000000da200000,0x00000000da700000)
 ParOldGen       total 67072K, used 8339K [0x0000000081400000, 0x0000000085580000, 0x00000000d5c00000)
  object space 67072K, 12% used [0x0000000081400000,0x0000000081c24c10,0x0000000085580000)
 Metaspace       used 26432K, capacity 26862K, committed 27264K, reserved 1073152K
  class space    used 3522K, capacity 3650K, committed 3712K, reserved 1048576K
Event: 2.352 GC heap after
Heap after GC invocations=5 (full 1):
 PSYoungGen      total 50176K, used 5103K [0x00000000d5c00000, 0x00000000da700000, 0x0000000100000000)
  eden space 45056K, 0% used [0x00000000d5c00000,0x00000000d5c00000,0x00000000d8800000)
  from space 5120K, 99% used [0x00000000da200000,0x00000000da6fbf98,0x00000000da700000)
  to   space 5120K, 0% used [0x00000000d9d00000,0x00000000d9d00000,0x00000000da200000)
 ParOldGen       total 67072K, used 8522K [0x0000000081400000, 0x0000000085580000, 0x00000000d5c00000)
  object space 67072K, 12% used [0x0000000081400000,0x0000000081c52860,0x0000000085580000)
 Metaspace       used 26432K, capacity 26862K, committed 27264K, reserved 1073152K
  class space    used 3522K, capacity 3650K, committed 3712K, reserved 1048576K
}
Event: 16.401 GC heap before
{Heap before GC invocations=6 (full 1):
 PSYoungGen      total 50176K, used 42271K [0x00000000d5c00000, 0x00000000da700000, 0x0000000100000000)
  eden space 45056K, 82% used [0x00000000d5c00000,0x00000000d804bf10,0x00000000d8800000)
  from space 5120K, 99% used [0x00000000da200000,0x00000000da6fbf98,0x00000000da700000)
  to   space 5120K, 0% used [0x00000000d9d00000,0x00000000d9d00000,0x00000000da200000)
 ParOldGen       total 67072K, used 8522K [0x0000000081400000, 0x0000000085580000, 0x00000000d5c00000)
  object space 67072K, 12% used [0x0000000081400000,0x0000000081c52860,0x0000000085580000)
 Metaspace       used 34609K, capacity 35272K, committed 35416K, reserved 1079296K
  class space    used 4786K, capacity 4935K, committed 4992K, reserved 1048576K
Event: 16.409 GC heap after
Heap after GC invocations=6 (full 1):
 PSYoungGen      total 63488K, used 5096K [0x00000000d5c00000, 0x00000000dac00000, 0x0000000100000000)
  eden space 58368K, 0% used [0x00000000d5c00000,0x00000000d5c00000,0x00000000d9500000)
  from space 5120K, 99% used [0x00000000d9d00000,0x00000000da1fa098,0x00000000da200000)
  to   space 10240K, 0% used [0x00000000da200000,0x00000000da200000,0x00000000dac00000)
 ParOldGen       total 67072K, used 14050K [0x0000000081400000, 0x0000000085580000, 0x00000000d5c00000)
  object space 67072K, 20% used [0x0000000081400000,0x00000000821b88e0,0x0000000085580000)
 Metaspace       used 34609K, capacity 35272K, committed 35416K, reserved 1079296K
  class space    used 4786K, capacity 4935K, committed 4992K, reserved 1048576K
}
Event: 16.409 GC heap before
{Heap before GC invocations=7 (full 2):
 PSYoungGen      total 63488K, used 5096K [0x00000000d5c00000, 0x00000000dac00000, 0x0000000100000000)
  eden space 58368K, 0% used [0x00000000d5c00000,0x00000000d5c00000,0x00000000d9500000)
  from space 5120K, 99% used [0x00000000d9d00000,0x00000000da1fa098,0x00000000da200000)
  to   space 10240K, 0% used [0x00000000da200000,0x00000000da200000,0x00000000dac00000)
 ParOldGen       total 67072K, used 14050K [0x0000000081400000, 0x0000000085580000, 0x00000000d5c00000)
  object space 67072K, 20% used [0x0000000081400000,0x00000000821b88e0,0x0000000085580000)
 Metaspace       used 34609K, capacity 35272K, committed 35416K, reserved 1079296K
  class space    used 4786K, capacity 4935K, committed 4992K, reserved 1048576K
Event: 16.463 GC heap after
Heap after GC invocations=7 (full 2):
 PSYoungGen      total 63488K, used 0K [0x00000000d5c00000, 0x00000000dac00000, 0x0000000100000000)
  eden space 58368K, 0% used [0x00000000d5c00000,0x00000000d5c00000,0x00000000d9500000)
  from space 5120K, 0% used [0x00000000d9d00000,0x00000000d9d00000,0x00000000da200000)
  to   space 10240K, 0% used [0x00000000da200000,0x00000000da200000,0x00000000dac00000)
 ParOldGen       total 108032K, used 14795K [0x0000000081400000, 0x0000000087d80000, 0x00000000d5c00000)
  object space 108032K, 13% used [0x0000000081400000,0x0000000082272d88,0x0000000087d80000)
 Metaspace       used 34609K, capacity 35272K, committed 35416K, reserved 1079296K
  class space    used 4786K, capacity 4935K, committed 4992K, reserved 1048576K
}
Event: 16.575 GC heap before
{Heap before GC invocations=8 (full 2):
 PSYoungGen      total 63488K, used 4355K [0x00000000d5c00000, 0x00000000dac00000, 0x0000000100000000)
  eden space 58368K, 7% used [0x00000000d5c00000,0x00000000d6040dd0,0x00000000d9500000)
  from space 5120K, 0% used [0x00000000d9d00000,0x00000000d9d00000,0x00000000da200000)
  to   space 10240K, 0% used [0x00000000da200000,0x00000000da200000,0x00000000dac00000)
 ParOldGen       total 108032K, used 14795K [0x0000000081400000, 0x0000000087d80000, 0x00000000d5c00000)
  object space 108032K, 13% used [0x0000000081400000,0x0000000082272d88,0x0000000087d80000)
 Metaspace       used 35227K, capacity 35912K, committed 36056K, reserved 1085440K
  class space    used 4864K, capacity 5063K, committed 5120K, reserved 1048576K
Event: 16.579 GC heap after
Heap after GC invocations=8 (full 2):
 PSYoungGen      total 68608K, used 744K [0x00000000d5c00000, 0x00000000dac00000, 0x0000000100000000)
  eden space 58368K, 0% used [0x00000000d5c00000,0x00000000d5c00000,0x00000000d9500000)
  from space 10240K, 7% used [0x00000000da200000,0x00000000da2ba330,0x00000000dac00000)
  to   space 5120K, 0% used [0x00000000d9d00000,0x00000000d9d00000,0x00000000da200000)
 ParOldGen       total 108032K, used 14795K [0x0000000081400000, 0x0000000087d80000, 0x00000000d5c00000)
  object space 108032K, 13% used [0x0000000081400000,0x0000000082272d88,0x0000000087d80000)
 Metaspace       used 35227K, capacity 35912K, committed 36056K, reserved 1085440K
  class space    used 4864K, capacity 5063K, committed 5120K, reserved 1048576K
}
Event: 16.579 GC heap before
{Heap before GC invocations=9 (full 3):
 PSYoungGen      total 68608K, used 744K [0x00000000d5c00000, 0x00000000dac00000, 0x0000000100000000)
  eden space 58368K, 0% used [0x00000000d5c00000,0x00000000d5c00000,0x00000000d9500000)
  from space 10240K, 7% used [0x00000000da200000,0x00000000da2ba330,0x00000000dac00000)
  to   space 5120K, 0% used [0x00000000d9d00000,0x00000000d9d00000,0x00000000da200000)
 ParOldGen       total 108032K, used 14795K [0x0000000081400000, 0x0000000087d80000, 0x00000000d5c00000)
  object space 108032K, 13% used [0x0000000081400000,0x0000000082272d88,0x0000000087d80000)
 Metaspace       used 35227K, capacity 35912K, committed 36056K, reserved 1085440K
  class space    used 4864K, capacity 5063K, committed 5120K, reserved 1048576K

